mar. 28, 2025 3:28:31 AM liquibase.changelog
INFO: Reading resource: db/changelog/migrations/db.changelog-202503270127.sql
mar. 28, 2025 3:28:31 AM liquibase.changelog
INFO: Reading resource: db/changelog/migrations/db.changelog-202503271749.sql
mar. 28, 2025 3:28:31 AM liquibase.changelog
INFO: Reading resource: db/changelog/migrations/db.changelog-202503271756.sql
mar. 28, 2025 3:28:31 AM liquibase.changelog
INFO: Reading resource: db/changelog/migrations/db.changelog-202503271805.sql
mar. 28, 2025 3:28:31 AM liquibase.changelog
INFO: Reading from board.DATABASECHANGELOG
Database is up to date, no changesets to execute
mar. 28, 2025 3:28:31 AM liquibase.changelog
INFO: Reading from board.DATABASECHANGELOG

UPDATE SUMMARY
Run:                          0
Previously run:               4
Filtered out:                 0
-------------------------------
Total change sets:            4

mar. 28, 2025 3:28:31 AM liquibase.util
INFO: UPDATE SUMMARY
mar. 28, 2025 3:28:31 AM liquibase.util
INFO: Run:                          0
mar. 28, 2025 3:28:31 AM liquibase.util
INFO: Previously run:               4
mar. 28, 2025 3:28:31 AM liquibase.util
INFO: Filtered out:                 0
mar. 28, 2025 3:28:31 AM liquibase.util
INFO: -------------------------------
mar. 28, 2025 3:28:31 AM liquibase.util
INFO: Total change sets:            4
mar. 28, 2025 3:28:31 AM liquibase.util
INFO: Update summary generated
mar. 28, 2025 3:28:31 AM liquibase.lockservice
INFO: Successfully released change log lock
mar. 28, 2025 3:28:31 AM liquibase.command
INFO: Command execution complete
